<?xml version="1.0" encoding="UTF-8"?>
<testng-results ignored="0" total="1" passed="1" failed="0" skipped="0">
  <reporter-output>
  </reporter-output>
  <suite started-at="2020-07-22T10:52:52 EDT" name="InetBankingV1" finished-at="2020-07-22T10:53:28 EDT" duration-ms="36238">
    <groups>
    </groups>
    <test started-at="2020-07-22T10:52:52 EDT" name="BankingApp Test" finished-at="2020-07-22T10:53:28 EDT" duration-ms="36238">
      <class name="com.inetbanking.testCases.TC_LoginTest_001">
        <test-method is-config="true" signature="setup(java.lang.String)[pri:0, instance:com.inetbanking.testCases.TC_LoginTest_001@40e6dfe1]" started-at="2020-07-22T10:52:52 EDT" name="setup" finished-at="2020-07-22T10:53:20 EDT" duration-ms="27887" status="PASS">
          <params>
            <param index="0">
              <value>
                <![CDATA[chrome]]>
              </value>
            </param>
          </params>
          <reporter-output>
          </reporter-output>
        </test-method> <!-- setup -->
        <test-method signature="loginTest()[pri:0, instance:com.inetbanking.testCases.TC_LoginTest_001@40e6dfe1]" started-at="2020-07-22T10:53:20 EDT" name="loginTest" finished-at="2020-07-22T10:53:28 EDT" duration-ms="7570" status="PASS">
          <reporter-output>
          </reporter-output>
        </test-method> <!-- loginTest -->
        <test-method is-config="true" signature="tearDown()[pri:0, instance:com.inetbanking.testCases.TC_LoginTest_001@40e6dfe1]" started-at="2020-07-22T10:53:28 EDT" name="tearDown" finished-at="2020-07-22T10:53:28 EDT" duration-ms="607" status="PASS">
          <reporter-output>
          </reporter-output>
        </test-method> <!-- tearDown -->
      </class> <!-- com.inetbanking.testCases.TC_LoginTest_001 -->
    </test> <!-- BankingApp Test -->
  </suite> <!-- InetBankingV1 -->
</testng-results>
