<?xml version="1.0" encoding="UTF-8"?>
<testng-results skipped="0" failed="0" ignored="0" total="1" passed="1">
  <reporter-output>
  </reporter-output>
  <suite name="InetBankingV1" duration-ms="28068" started-at="2020-07-21T10:14:22 EDT" finished-at="2020-07-21T10:14:50 EDT">
    <groups>
    </groups>
    <test name="BankingApp Test" duration-ms="28068" started-at="2020-07-21T10:14:22 EDT" finished-at="2020-07-21T10:14:50 EDT">
      <class name="com.inetbanking.testCases.TC_LoginTest_001">
        <test-method status="PASS" signature="setup(java.lang.String)[pri:0, instance:com.inetbanking.testCases.TC_LoginTest_001@1da880c9]" name="setup" is-config="true" duration-ms="25228" started-at="2020-07-21T10:14:22 EDT" finished-at="2020-07-21T10:14:48 EDT">
          <params>
            <param index="0">
              <value>
                <![CDATA[chrome]]>
              </value>
            </param>
          </params>
          <reporter-output>
          </reporter-output>
        </test-method> <!-- setup -->
        <test-method status="PASS" signature="loginTest()[pri:0, instance:com.inetbanking.testCases.TC_LoginTest_001@1da880c9]" name="loginTest" duration-ms="1974" started-at="2020-07-21T10:14:48 EDT" finished-at="2020-07-21T10:14:50 EDT">
          <reporter-output>
          </reporter-output>
        </test-method> <!-- loginTest -->
        <test-method status="PASS" signature="tearDown()[pri:0, instance:com.inetbanking.testCases.TC_LoginTest_001@1da880c9]" name="tearDown" is-config="true" duration-ms="651" started-at="2020-07-21T10:14:50 EDT" finished-at="2020-07-21T10:14:50 EDT">
          <reporter-output>
          </reporter-output>
        </test-method> <!-- tearDown -->
      </class> <!-- com.inetbanking.testCases.TC_LoginTest_001 -->
    </test> <!-- BankingApp Test -->
  </suite> <!-- InetBankingV1 -->
</testng-results>
